<?xml version="1.0" encoding="UTF-8"?>
<testsuite xmlns:xsi="http://www.w3.org/2001/XMLSchema-instance" xsi:noNamespaceSchemaLocation="https://maven.apache.org/surefire/maven-surefire-plugin/xsd/surefire-test-report.xsd" version="3.0.2" name="com.openclassrooms.SafetyNetAlerts.SafetyNetAlertsApplicationTests" time="6.063" tests="1" errors="0" skipped="0" failures="0">
  <properties>
[...]
</properties>
  <testcase name="contextLoads" classname="com.openclassrooms.SafetyNetAlerts.SafetyNetAlertsApplicationTests" time="1.423">
    <system-out><![CDATA[06:15:43.270 [main] INFO org.springframework.test.context.support.AnnotationConfigContextLoaderUtils -- Could not detect default configuration classes for test class [com.openclassrooms.SafetyNetAlerts.SafetyNetAlertsApplicationTests]: SafetyNetAlertsApplicationTests does not declare any static, non-private, non-final, nested classes annotated with @Configuration.
06:15:43.519 [main] INFO org.springframework.boot.test.context.SpringBootTestContextBootstrapper -- Found @SpringBootConfiguration com.openclassrooms.SafetyNetAlerts.SafetyNetAlertsApplication for test class com.openclassrooms.SafetyNetAlerts.SafetyNetAlertsApplicationTests

  .   ____          _            __ _ _
 /\\ / ___'_ __ _ _(_)_ __  __ _ \ \ \ \
( ( )\___ | '_ | '_| | '_ \/ _` | \ \ \ \
 \\/  ___)| |_)| | | | | || (_| |  ) ) ) )
  '  |____| .__|_| |_|_| |_\__, | / / / /
 =========|_|==============|___/=/_/_/_/

 :: Spring Boot ::                (v3.4.2)

2025-02-15T06:15:44.590-05:00  INFO 25543 --- [SafetyNetAlerts] [           main] c.o.S.SafetyNetAlertsApplicationTests    : Starting SafetyNetAlertsApplicationTests using Java 17.0.8 with PID 25543 (started by jeenir in /Users/jeenir/Desktop/Learn/Spring/OpenClassroomJavaSpring/SafetyNetAlerts/SafetyNetAlerts)
2025-02-15T06:15:44.597-05:00  INFO 25543 --- [SafetyNetAlerts] [           main] c.o.S.SafetyNetAlertsApplicationTests    : No active profile set, falling back to 1 default profile: "default"
2025-02-15T06:15:47.458-05:00  INFO 25543 --- [SafetyNetAlerts] [           main] c.o.S.SafetyNetAlertsApplicationTests    : Started SafetyNetAlertsApplicationTests in 3.727 seconds (process running for 5.815)
]]></system-out>
  </testcase>
</testsuite>